<?xml version="1.0" encoding="UTF-8"?>
<testsuite xmlns:xsi="http://www.w3.org/2001/XMLSchema-instance" xsi:noNamespaceSchemaLocation="https://maven.apache.org/surefire/maven-surefire-plugin/xsd/surefire-test-report-3.0.xsd" version="3.0" name="com.chequeprint.util.PasswordAndSessionTest" time="1.283" tests="2" errors="0" skipped="0" failures="0">
  <properties>
[...]
</properties>
  <testcase name="testPasswordHashing" classname="com.chequeprint.util.PasswordAndSessionTest" time="1.283"/>
  <testcase name="testSessionHandling" classname="com.chequeprint.util.PasswordAndSessionTest" time="0.0"/>
</testsuite>